To honour the JVM settings for this build a single-use Daemon process will be forked. For more on this, please refer to https://docs.gradle.org/9.2.1/userguide/gradle_daemon.html#sec:disabling_the_daemon in the Gradle documentation.
Daemon will be stopped at the end of the build 
> Task :compileJava UP-TO-DATE
> Task :processResources UP-TO-DATE
> Task :classes UP-TO-DATE
> Task :resolveMainClassName UP-TO-DATE

> Task :bootRun

  .   ____          _            __ _ _
 /\\ / ___'_ __ _ _(_)_ __  __ _ \ \ \ \
( ( )\___ | '_ | '_| | '_ \/ _` | \ \ \ \
 \\/  ___)| |_)| | | | | || (_| |  ) ) ) )
  '  |____| .__|_| |_|_| |_\__, | / / / /
 =========|_|==============|___/=/_/_/_/

[32m :: Spring Boot :: [39m              [2m (v4.0.0)[0;39m

[2m2025-12-17T01:49:39.726-04:00[0;39m [32m INFO[0;39m [35m49456[0;39m [2m--- [Server] [  restartedMain] [0;39m[36mcom.example.Server.ServerApplication    [0;39m [2m:[0;39m Starting ServerApplication using Java 24.0.2 with PID 49456 (/Users/terrazasllanosfernando/Desktop/NotasU/Semestre4/DisenoSoftware/FinalDisenoGithub/Universidad/Code/Server/build/classes/java/main started by terrazasllanosfernando in /Users/terrazasllanosfernando/Desktop/NotasU/Semestre4/DisenoSoftware/FinalDisenoGithub/Universidad/Code/Server)
[2m2025-12-17T01:49:39.727-04:00[0;39m [32m INFO[0;39m [35m49456[0;39m [2m--- [Server] [  restartedMain] [0;39m[36mcom.example.Server.ServerApplication    [0;39m [2m:[0;39m No active profile set, falling back to 1 default profile: "default"
[2m2025-12-17T01:49:39.747-04:00[0;39m [32m INFO[0;39m [35m49456[0;39m [2m--- [Server] [  restartedMain] [0;39m[36m.e.DevToolsPropertyDefaultsPostProcessor[0;39m [2m:[0;39m Devtools property defaults active! Set 'spring.devtools.add-properties' to 'false' to disable
[2m2025-12-17T01:49:39.747-04:00[0;39m [32m INFO[0;39m [35m49456[0;39m [2m--- [Server] [  restartedMain] [0;39m[36m.e.DevToolsPropertyDefaultsPostProcessor[0;39m [2m:[0;39m For additional web related logging consider setting the 'logging.level.web' property to 'DEBUG'
[2m2025-12-17T01:49:40.020-04:00[0;39m [32m INFO[0;39m [35m49456[0;39m [2m--- [Server] [  restartedMain] [0;39m[36m.s.d.r.c.RepositoryConfigurationDelegate[0;39m [2m:[0;39m Bootstrapping Spring Data JPA repositories in DEFAULT mode.
[2m2025-12-17T01:49:40.032-04:00[0;39m [32m INFO[0;39m [35m49456[0;39m [2m--- [Server] [  restartedMain] [0;39m[36m.s.d.r.c.RepositoryConfigurationDelegate[0;39m [2m:[0;39m Finished Spring Data repository scanning in 9 ms. Found 0 JPA repository interfaces.
[2m2025-12-17T01:49:40.203-04:00[0;39m [32m INFO[0;39m [35m49456[0;39m [2m--- [Server] [  restartedMain] [0;39m[36mo.s.boot.tomcat.TomcatWebServer         [0;39m [2m:[0;39m Tomcat initialized with port 8080 (http)
[2m2025-12-17T01:49:40.208-04:00[0;39m [32m INFO[0;39m [35m49456[0;39m [2m--- [Server] [  restartedMain] [0;39m[36mo.apache.catalina.core.StandardService  [0;39m [2m:[0;39m Starting service [Tomcat]
[2m2025-12-17T01:49:40.208-04:00[0;39m [32m INFO[0;39m [35m49456[0;39m [2m--- [Server] [  restartedMain] [0;39m[36mo.apache.catalina.core.StandardEngine   [0;39m [2m:[0;39m Starting Servlet engine: [Apache Tomcat/11.0.14]
[2m2025-12-17T01:49:40.219-04:00[0;39m [32m INFO[0;39m [35m49456[0;39m [2m--- [Server] [  restartedMain] [0;39m[36mb.w.c.s.WebApplicationContextInitializer[0;39m [2m:[0;39m Root WebApplicationContext: initialization completed in 472 ms
[2m2025-12-17T01:49:40.264-04:00[0;39m [32m INFO[0;39m [35m49456[0;39m [2m--- [Server] [  restartedMain] [0;39m[36mcom.zaxxer.hikari.HikariDataSource      [0;39m [2m:[0;39m HikariPool-1 - Starting...
[2m2025-12-17T01:49:40.322-04:00[0;39m [32m INFO[0;39m [35m49456[0;39m [2m--- [Server] [  restartedMain] [0;39m[36mcom.zaxxer.hikari.pool.HikariPool       [0;39m [2m:[0;39m HikariPool-1 - Added connection conn0: url=jdbc:h2:mem:8a0347c2-d5e2-48a2-949d-6b107be23da9 user=SA
[2m2025-12-17T01:49:40.322-04:00[0;39m [32m INFO[0;39m [35m49456[0;39m [2m--- [Server] [  restartedMain] [0;39m[36mcom.zaxxer.hikari.HikariDataSource      [0;39m [2m:[0;39m HikariPool-1 - Start completed.
[2m2025-12-17T01:49:40.337-04:00[0;39m [32m INFO[0;39m [35m49456[0;39m [2m--- [Server] [  restartedMain] [0;39m[36mo.hibernate.jpa.internal.util.LogHelper [0;39m [2m:[0;39m HHH000204: Processing PersistenceUnitInfo [name: default]
[2m2025-12-17T01:49:40.352-04:00[0;39m [32m INFO[0;39m [35m49456[0;39m [2m--- [Server] [  restartedMain] [0;39m[36morg.hibernate.Version                   [0;39m [2m:[0;39m HHH000412: Hibernate ORM core version 7.1.8.Final
[2m2025-12-17T01:49:40.479-04:00[0;39m [32m INFO[0;39m [35m49456[0;39m [2m--- [Server] [  restartedMain] [0;39m[36mo.s.o.j.p.SpringPersistenceUnitInfo     [0;39m [2m:[0;39m No LoadTimeWeaver setup: ignoring JPA class transformer
[2m2025-12-17T01:49:40.503-04:00[0;39m [32m INFO[0;39m [35m49456[0;39m [2m--- [Server] [  restartedMain] [0;39m[36morg.hibernate.orm.connections.pooling   [0;39m [2m:[0;39m HHH10001005: Database info:
	Database JDBC URL [jdbc:h2:mem:8a0347c2-d5e2-48a2-949d-6b107be23da9]
	Database driver: H2 JDBC Driver
	Database dialect: H2Dialect
	Database version: 2.4.240
	Default catalog/schema: 8A0347C2-D5E2-48A2-949D-6B107BE23DA9/PUBLIC
	Autocommit mode: undefined/unknown
	Isolation level: READ_COMMITTED [default READ_COMMITTED]
	JDBC fetch size: 100
	Pool: DatasourceConnectionProviderImpl
	Minimum pool size: undefined/unknown
	Maximum pool size: undefined/unknown
[2m2025-12-17T01:49:40.662-04:00[0;39m [32m INFO[0;39m [35m49456[0;39m [2m--- [Server] [  restartedMain] [0;39m[36mo.h.e.t.j.p.i.JtaPlatformInitiator      [0;39m [2m:[0;39m HHH000489: No JTA platform available (set 'hibernate.transaction.jta.platform' to enable JTA platform integration)
[2m2025-12-17T01:49:40.665-04:00[0;39m [32m INFO[0;39m [35m49456[0;39m [2m--- [Server] [  restartedMain] [0;39m[36mj.LocalContainerEntityManagerFactoryBean[0;39m [2m:[0;39m Initialized JPA EntityManagerFactory for persistence unit 'default'
✅ Carrera 'Ingeniería de Sistemas' inicializada en el sistema
[2m2025-12-17T01:49:40.742-04:00[0;39m [33m WARN[0;39m [35m49456[0;39m [2m--- [Server] [  restartedMain] [0;39m[36mJpaBaseConfiguration$JpaWebConfiguration[0;39m [2m:[0;39m spring.jpa.open-in-view is enabled by default. Therefore, database queries may be performed during view rendering. Explicitly configure spring.jpa.open-in-view to disable this warning
[2m2025-12-17T01:49:40.929-04:00[0;39m [33m WARN[0;39m [35m49456[0;39m [2m--- [Server] [  restartedMain] [0;39m[36mConfigServletWebServerApplicationContext[0;39m [2m:[0;39m Exception encountered during context initialization - cancelling refresh attempt: org.springframework.context.ApplicationContextException: Failed to start bean 'webServerStartStop'
[2m2025-12-17T01:49:40.930-04:00[0;39m [32m INFO[0;39m [35m49456[0;39m [2m--- [Server] [  restartedMain] [0;39m[36mj.LocalContainerEntityManagerFactoryBean[0;39m [2m:[0;39m Closing JPA EntityManagerFactory for persistence unit 'default'
[2m2025-12-17T01:49:40.932-04:00[0;39m [33m WARN[0;39m [35m49456[0;39m [2m--- [Server] [  restartedMain] [0;39m[36mo.s.b.f.support.DisposableBeanAdapter   [0;39m [2m:[0;39m Invocation of destroy method failed on bean with name 'inMemoryDatabaseShutdownExecutor': org.h2.jdbc.JdbcSQLNonTransientConnectionException: Database is already closed (to disable automatic closing at VM shutdown, add ";DB_CLOSE_ON_EXIT=FALSE" to the db URL) [90121-240]
[2m2025-12-17T01:49:40.932-04:00[0;39m [32m INFO[0;39m [35m49456[0;39m [2m--- [Server] [  restartedMain] [0;39m[36mcom.zaxxer.hikari.HikariDataSource      [0;39m [2m:[0;39m HikariPool-1 - Shutdown initiated...
[2m2025-12-17T01:49:40.933-04:00[0;39m [32m INFO[0;39m [35m49456[0;39m [2m--- [Server] [  restartedMain] [0;39m[36mcom.zaxxer.hikari.HikariDataSource      [0;39m [2m:[0;39m HikariPool-1 - Shutdown completed.
[2m2025-12-17T01:49:40.936-04:00[0;39m [32m INFO[0;39m [35m49456[0;39m [2m--- [Server] [  restartedMain] [0;39m[36m.s.b.a.l.ConditionEvaluationReportLogger[0;39m [2m:[0;39m 

Error starting ApplicationContext. To display the condition evaluation report re-run your application with 'debug' enabled.
[2m2025-12-17T01:49:40.940-04:00[0;39m [31mERROR[0;39m [35m49456[0;39m [2m--- [Server] [  restartedMain] [0;39m[36mo.s.b.d.LoggingFailureAnalysisReporter  [0;39m [2m:[0;39m 

***************************
APPLICATION FAILED TO START
***************************

Description:

Web server failed to start. Port 8080 was already in use.

Action:

Identify and stop the process that's listening on port 8080 or configure this application to listen on another port.


[Incubating] Problems report is available at: file:///Users/terrazasllanosfernando/Desktop/NotasU/Semestre4/DisenoSoftware/FinalDisenoGithub/Universidad/Code/Server/build/reports/problems/problems-report.html

Deprecated Gradle features were used in this build, making it incompatible with Gradle 10.

You can use '--warning-mode all' to show the individual deprecation warnings and determine if they come from your own scripts or plugins.

For more on this, please refer to https://docs.gradle.org/9.2.1/userguide/command_line_interface.html#sec:command_line_warnings in the Gradle documentation.

BUILD SUCCESSFUL in 4s
4 actionable tasks: 1 executed, 3 up-to-date
Consider enabling configuration cache to speed up this build: https://docs.gradle.org/9.2.1/userguide/configuration_cache_enabling.html
